# JRE version: Java(TM) SE Runtime Environment (17.0.12+8) (build 17.0.12+8-LTS-286)
# Java VM: Java HotSpot(TM) 64-Bit Server VM (17.0.12+8-LTS-286, mixed mode, sharing, tiered, compressed oops, compressed class ptrs, g1 gc, windows-amd64)
GC Precious Log:
 CPUs: 12 total, 12 available
 Memory: 65406M
 Large Page Support: Disabled
 NUMA Support: Disabled
 Compressed Oops: Enabled (32-bit)
 Heap Region Size: 1M
 Heap Min Capacity: 8M
 Heap Initial Capacity: 1022M
 Heap Max Capacity: 2G
 Pre-touch: Disabled
 Parallel Workers: 10
 Concurrent Workers: 3
 Concurrent Refinement Workers: 10
 Periodic GC: Disabled
Heap:
 garbage-first heap   total 242688K, used 135923K [0x0000000080000000, 0x0000000100000000)
  region size 1024K, 45 young (46080K), 11 survivors (11264K)
 Metaspace       used 87019K, committed 87872K, reserved 557056K
  class space    used 12295K, committed 12672K, reserved 425984K
GC Heap History (20 events):
Event: 15.007 GC heap before
{Heap before GC invocations=25 (full 0):
 garbage-first heap   total 106496K, used 82733K [0x0000000080000000, 0x0000000100000000)
  region size 1024K, 26 young (26624K), 3 survivors (3072K)
 Metaspace       used 58216K, committed 58880K, reserved 491520K
  class space    used 8204K, committed 8512K, reserved 425984K
}
Event: 15.009 GC heap after
{Heap after GC invocations=26 (full 0):
 garbage-first heap   total 106496K, used 61043K [0x0000000080000000, 0x0000000100000000)
  region size 1024K, 3 young (3072K), 3 survivors (3072K)
 Metaspace       used 58216K, committed 58880K, reserved 491520K
  class space    used 8204K, committed 8512K, reserved 425984K
}
Event: 15.269 GC heap before
{Heap before GC invocations=26 (full 0):
 garbage-first heap   total 106496K, used 85619K [0x0000000080000000, 0x0000000100000000)
  region size 1024K, 28 young (28672K), 3 survivors (3072K)
 Metaspace       used 59546K, committed 60288K, reserved 491520K
  class space    used 8405K, committed 8768K, reserved 425984K
}
Event: 15.272 GC heap after
{Heap after GC invocations=27 (full 0):
 garbage-first heap   total 106496K, used 64429K [0x0000000080000000, 0x0000000100000000)
  region size 1024K, 4 young (4096K), 4 survivors (4096K)
 Metaspace       used 59546K, committed 60288K, reserved 491520K
  class space    used 8405K, committed 8768K, reserved 425984K
}
Event: 15.548 GC heap before
{Heap before GC invocations=28 (full 0):
 garbage-first heap   total 112640K, used 86957K [0x0000000080000000, 0x0000000100000000)
  region size 1024K, 26 young (26624K), 4 survivors (4096K)
 Metaspace       used 60754K, committed 61440K, reserved 491520K
  class space    used 8571K, committed 8896K, reserved 425984K
}
Event: 15.551 GC heap after
{Heap after GC invocations=29 (full 0):
 garbage-first heap   total 112640K, used 66420K [0x0000000080000000, 0x0000000100000000)
  region size 1024K, 2 young (2048K), 2 survivors (2048K)
 Metaspace       used 60754K, committed 61440K, reserved 491520K
  class space    used 8571K, committed 8896K, reserved 425984K
}
Event: 15.583 GC heap before
{Heap before GC invocations=29 (full 0):
 garbage-first heap   total 112640K, used 68468K [0x0000000080000000, 0x0000000100000000)
  region size 1024K, 5 young (5120K), 2 survivors (2048K)
 Metaspace       used 60925K, committed 61632K, reserved 491520K
  class space    used 8603K, committed 8960K, reserved 425984K
}
Event: 15.585 GC heap after
{Heap after GC invocations=30 (full 0):
 garbage-first heap   total 112640K, used 66030K [0x0000000080000000, 0x0000000100000000)
  region size 1024K, 1 young (1024K), 1 survivors (1024K)
 Metaspace       used 60925K, committed 61632K, reserved 491520K
  class space    used 8603K, committed 8960K, reserved 425984K
}
Event: 15.928 GC heap before
{Heap before GC invocations=30 (full 0):
 garbage-first heap   total 112640K, used 91630K [0x0000000080000000, 0x0000000100000000)
  region size 1024K, 26 young (26624K), 1 survivors (1024K)
 Metaspace       used 62400K, committed 63104K, reserved 491520K
  class space    used 8817K, committed 9152K, reserved 425984K
}
Event: 15.933 GC heap after
{Heap after GC invocations=31 (full 0):
 garbage-first heap   total 579584K, used 67886K [0x0000000080000000, 0x0000000100000000)
  region size 1024K, 3 young (3072K), 3 survivors (3072K)
 Metaspace       used 62400K, committed 63104K, reserved 491520K
  class space    used 8817K, committed 9152K, reserved 425984K
}
Event: 17.652 GC heap before
{Heap before GC invocations=32 (full 0):
 garbage-first heap   total 242688K, used 212270K [0x0000000080000000, 0x0000000100000000)
  region size 1024K, 141 young (144384K), 3 survivors (3072K)
 Metaspace       used 69632K, committed 70336K, reserved 491520K
  class space    used 9771K, committed 10112K, reserved 425984K
}
Event: 17.660 GC heap after
{Heap after GC invocations=33 (full 0):
 garbage-first heap   total 242688K, used 83854K [0x0000000080000000, 0x0000000100000000)
  region size 1024K, 14 young (14336K), 14 survivors (14336K)
 Metaspace       used 69632K, committed 70336K, reserved 491520K
  class space    used 9771K, committed 10112K, reserved 425984K
}
Event: 17.688 GC heap before
{Heap before GC invocations=33 (full 0):
 garbage-first heap   total 242688K, used 84878K [0x0000000080000000, 0x0000000100000000)
  region size 1024K, 15 young (15360K), 14 survivors (14336K)
 Metaspace       used 70293K, committed 71040K, reserved 491520K
  class space    used 9833K, committed 10176K, reserved 425984K
}
Event: 17.696 GC heap after
{Heap after GC invocations=34 (full 0):
 garbage-first heap   total 242688K, used 85089K [0x0000000080000000, 0x0000000100000000)
  region size 1024K, 2 young (2048K), 2 survivors (2048K)
 Metaspace       used 70293K, committed 71040K, reserved 491520K
  class space    used 9833K, committed 10176K, reserved 425984K
}
Event: 18.984 GC heap before
{Heap before GC invocations=34 (full 0):
 garbage-first heap   total 242688K, used 184417K [0x0000000080000000, 0x0000000100000000)
  region size 1024K, 93 young (95232K), 2 survivors (2048K)
 Metaspace       used 76636K, committed 77440K, reserved 557056K
  class space    used 10645K, committed 11008K, reserved 425984K
}
Event: 18.988 GC heap after
{Heap after GC invocations=35 (full 0):
 garbage-first heap   total 242688K, used 90613K [0x0000000080000000, 0x0000000100000000)
  region size 1024K, 7 young (7168K), 7 survivors (7168K)
 Metaspace       used 76636K, committed 77440K, reserved 557056K
  class space    used 10645K, committed 11008K, reserved 425984K
}
Event: 35.459 GC heap before
{Heap before GC invocations=35 (full 0):
 garbage-first heap   total 242688K, used 181749K [0x0000000080000000, 0x0000000100000000)
  region size 1024K, 96 young (98304K), 7 survivors (7168K)
 Metaspace       used 79950K, committed 80768K, reserved 557056K
  class space    used 11137K, committed 11520K, reserved 425984K
}
Event: 35.466 GC heap after
{Heap after GC invocations=36 (full 0):
 garbage-first heap   total 242688K, used 97011K [0x0000000080000000, 0x0000000100000000)
  region size 1024K, 6 young (6144K), 6 survivors (6144K)
 Metaspace       used 79950K, committed 80768K, reserved 557056K
  class space    used 11137K, committed 11520K, reserved 425984K
}
Event: 37.378 GC heap before
{Heap before GC invocations=36 (full 0):
 garbage-first heap   total 242688K, used 189171K [0x0000000080000000, 0x0000000100000000)
  region size 1024K, 95 young (97280K), 6 survivors (6144K)
 Metaspace       used 85753K, committed 86592K, reserved 557056K
  class space    used 12099K, committed 12480K, reserved 425984K
}
Event: 37.387 GC heap after
{Heap after GC invocations=37 (full 0):
 garbage-first heap   total 242688K, used 102131K [0x0000000080000000, 0x0000000100000000)
  region size 1024K, 11 young (11264K), 11 survivors (11264K)
 Metaspace       used 85753K, committed 86592K, reserved 557056K
  class space    used 12099K, committed 12480K, reserved 425984K
}

